# JRE version: OpenJDK Runtime Environment (8.0_322) (build 1.8.0_322-ga)
# Java VM: OpenJDK 64-Bit Server VM (25.322-bga mixed mode linux-amd64 compressed oops)
Heap:
 def new generation   total 123776K, used 97648K [0x00000000e0000000, 0x00000000e8640000, 0x00000000eaaa0000)
  eden space 110080K,  76% used [0x00000000e0000000, 0x00000000e5247b60, 0x00000000e6b80000)
  from space 13696K,  97% used [0x00000000e6b80000, 0x00000000e78945a8, 0x00000000e78e0000)
  to   space 13696K,   0% used [0x00000000e78e0000, 0x00000000e78e0000, 0x00000000e8640000)
 tenured generation   total 274752K, used 272042K [0x00000000eaaa0000, 0x00000000fb6f0000, 0x0000000100000000)
   the space 274752K,  99% used [0x00000000eaaa0000, 0x00000000fb44a8a8, 0x00000000fb44aa00, 0x00000000fb6f0000)
 Metaspace       used 80544K, capacity 84534K, committed 84608K, reserved 1122304K
  class space    used 10558K, capacity 11642K, committed 11648K, reserved 1048576K
GC Heap History (10 events):
Event: 108.391 GC heap before
{Heap before GC invocations=43 (full 8):
 def new generation   total 123776K, used 111643K [0x00000000e0000000, 0x00000000e8640000, 0x00000000eaaa0000)
  eden space 110080K, 100% used [0x00000000e0000000, 0x00000000e6b80000, 0x00000000e6b80000)
  from space 13696K,  11% used [0x00000000e78e0000, 0x00000000e7a66e40, 0x00000000e8640000)
  to   space 13696K,   0% used [0x00000000e6b80000, 0x00000000e6b80000, 0x00000000e78e0000)
 tenured generation   total 274752K, used 246550K [0x00000000eaaa0000, 0x00000000fb6f0000, 0x0000000100000000)
   the space 274752K,  89% used [0x00000000eaaa0000, 0x00000000f9b65970, 0x00000000f9b65a00, 0x00000000fb6f0000)
 Metaspace       used 76037K, capacity 79332K, committed 79488K, reserved 1118208K
  class space    used 10005K, capacity 11027K, committed 11136K, reserved 1048576K
Event: 108.505 GC heap after
Heap after GC invocations=44 (full 8):
 def new generation   total 123776K, used 13695K [0x00000000e0000000, 0x00000000e8640000, 0x00000000eaaa0000)
  eden space 110080K,   0% used [0x00000000e0000000, 0x00000000e0000000, 0x00000000e6b80000)
  from space 13696K,  99% used [0x00000000e6b80000, 0x00000000e78dfff8, 0x00000000e78e0000)
  to   space 13696K,   0% used [0x00000000e78e0000, 0x00000000e78e0000, 0x00000000e8640000)
 tenured generation   total 274752K, used 260225K [0x00000000eaaa0000, 0x00000000fb6f0000, 0x0000000100000000)
   the space 274752K,  94% used [0x00000000eaaa0000, 0x00000000fa8c0728, 0x00000000fa8c0800, 0x00000000fb6f0000)
 Metaspace       used 76037K, capacity 79332K, committed 79488K, reserved 1118208K
  class space    used 10005K, capacity 11027K, committed 11136K, reserved 1048576K
}
Event: 175.014 GC heap before
{Heap before GC invocations=44 (full 8):
 def new generation   total 123776K, used 123775K [0x00000000e0000000, 0x00000000e8640000, 0x00000000eaaa0000)
  eden space 110080K, 100% used [0x00000000e0000000, 0x00000000e6b80000, 0x00000000e6b80000)
  from space 13696K,  99% used [0x00000000e6b80000, 0x00000000e78dfff8, 0x00000000e78e0000)
  to   space 13696K,   0% used [0x00000000e78e0000, 0x00000000e78e0000, 0x00000000e8640000)
 tenured generation   total 274752K, used 260225K [0x00000000eaaa0000, 0x00000000fb6f0000, 0x0000000100000000)
   the space 274752K,  94% used [0x00000000eaaa0000, 0x00000000fa8c0728, 0x00000000fa8c0800, 0x00000000fb6f0000)
 Metaspace       used 76081K, capacity 79334K, committed 79488K, reserved 1118208K
  class space    used 10008K, capacity 11028K, committed 11136K, reserved 1048576K
Event: 175.029 GC heap after
Heap after GC invocations=45 (full 8):
 def new generation   total 123776K, used 798K [0x00000000e0000000, 0x00000000e8640000, 0x00000000eaaa0000)
  eden space 110080K,   0% used [0x00000000e0000000, 0x00000000e0000000, 0x00000000e6b80000)
  from space 13696K,   5% used [0x00000000e78e0000, 0x00000000e79a7bf8, 0x00000000e8640000)
  to   space 13696K,   0% used [0x00000000e6b80000, 0x00000000e6b80000, 0x00000000e78e0000)
 tenured generation   total 274752K, used 261904K [0x00000000eaaa0000, 0x00000000fb6f0000, 0x0000000100000000)
   the space 274752K,  95% used [0x00000000eaaa0000, 0x00000000faa642c0, 0x00000000faa64400, 0x00000000fb6f0000)
 Metaspace       used 76081K, capacity 79334K, committed 79488K, reserved 1118208K
  class space    used 10008K, capacity 11028K, committed 11136K, reserved 1048576K
}
Event: 221.693 GC heap before
{Heap before GC invocations=45 (full 8):
 def new generation   total 123776K, used 110878K [0x00000000e0000000, 0x00000000e8640000, 0x00000000eaaa0000)
  eden space 110080K, 100% used [0x00000000e0000000, 0x00000000e6b80000, 0x00000000e6b80000)
  from space 13696K,   5% used [0x00000000e78e0000, 0x00000000e79a7bf8, 0x00000000e8640000)
  to   space 13696K,   0% used [0x00000000e6b80000, 0x00000000e6b80000, 0x00000000e78e0000)
 tenured generation   total 274752K, used 261904K [0x00000000eaaa0000, 0x00000000fb6f0000, 0x0000000100000000)
   the space 274752K,  95% used [0x00000000eaaa0000, 0x00000000faa642c0, 0x00000000faa64400, 0x00000000fb6f0000)
 Metaspace       used 79352K, capacity 82998K, committed 83200K, reserved 1120256K
  class space    used 10442K, capacity 11470K, committed 11520K, reserved 1048576K
Event: 221.800 GC heap after
Heap after GC invocations=46 (full 8):
 def new generation   total 123776K, used 12131K [0x00000000e0000000, 0x00000000e8640000, 0x00000000eaaa0000)
  eden space 110080K,   0% used [0x00000000e0000000, 0x00000000e0000000, 0x00000000e6b80000)
  from space 13696K,  88% used [0x00000000e6b80000, 0x00000000e7758df0, 0x00000000e78e0000)
  to   space 13696K,   0% used [0x00000000e78e0000, 0x00000000e78e0000, 0x00000000e8640000)
 tenured generation   total 274752K, used 261904K [0x00000000eaaa0000, 0x00000000fb6f0000, 0x0000000100000000)
   the space 274752K,  95% used [0x00000000eaaa0000, 0x00000000faa642c0, 0x00000000faa64400, 0x00000000fb6f0000)
 Metaspace       used 79352K, capacity 82998K, committed 83200K, reserved 1120256K
  class space    used 10442K, capacity 11470K, committed 11520K, reserved 1048576K
}
Event: 264.417 GC heap before
{Heap before GC invocations=46 (full 8):
 def new generation   total 123776K, used 122211K [0x00000000e0000000, 0x00000000e8640000, 0x00000000eaaa0000)
  eden space 110080K, 100% used [0x00000000e0000000, 0x00000000e6b80000, 0x00000000e6b80000)
  from space 13696K,  88% used [0x00000000e6b80000, 0x00000000e7758df0, 0x00000000e78e0000)
  to   space 13696K,   0% used [0x00000000e78e0000, 0x00000000e78e0000, 0x00000000e8640000)
 tenured generation   total 274752K, used 261904K [0x00000000eaaa0000, 0x00000000fb6f0000, 0x0000000100000000)
   the space 274752K,  95% used [0x00000000eaaa0000, 0x00000000faa642c0, 0x00000000faa64400, 0x00000000fb6f0000)
 Metaspace       used 80133K, capacity 83784K, committed 84096K, reserved 1122304K
  class space    used 10506K, capacity 11523K, committed 11648K, reserved 1048576K
Event: 264.505 GC heap after
Heap after GC invocations=47 (full 8):
 def new generation   total 123776K, used 3482K [0x00000000e0000000, 0x00000000e8640000, 0x00000000eaaa0000)
  eden space 110080K,   0% used [0x00000000e0000000, 0x00000000e0000000, 0x00000000e6b80000)
  from space 13696K,  25% used [0x00000000e78e0000, 0x00000000e7c46a08, 0x00000000e8640000)
  to   space 13696K,   0% used [0x00000000e6b80000, 0x00000000e6b80000, 0x00000000e78e0000)
 tenured generation   total 274752K, used 272042K [0x00000000eaaa0000, 0x00000000fb6f0000, 0x0000000100000000)
   the space 274752K,  99% used [0x00000000eaaa0000, 0x00000000fb44a8a8, 0x00000000fb44aa00, 0x00000000fb6f0000)
 Metaspace       used 80133K, capacity 83784K, committed 84096K, reserved 1122304K
  class space    used 10506K, capacity 11523K, committed 11648K, reserved 1048576K
}
Event: 280.098 GC heap before
{Heap before GC invocations=47 (full 8):
 def new generation   total 123776K, used 113562K [0x00000000e0000000, 0x00000000e8640000, 0x00000000eaaa0000)
  eden space 110080K, 100% used [0x00000000e0000000, 0x00000000e6b80000, 0x00000000e6b80000)
  from space 13696K,  25% used [0x00000000e78e0000, 0x00000000e7c46a20, 0x00000000e8640000)
  to   space 13696K,   0% used [0x00000000e6b80000, 0x00000000e6b80000, 0x00000000e78e0000)
 tenured generation   total 274752K, used 272042K [0x00000000eaaa0000, 0x00000000fb6f0000, 0x0000000100000000)
   the space 274752K,  99% used [0x00000000eaaa0000, 0x00000000fb44a8a8, 0x00000000fb44aa00, 0x00000000fb6f0000)
 Metaspace       used 80296K, capacity 83922K, committed 84096K, reserved 1122304K
  class space    used 10522K, capacity 11540K, committed 11648K, reserved 1048576K
Event: 280.118 GC heap after
Heap after GC invocations=48 (full 8):
 def new generation   total 123776K, used 13393K [0x00000000e0000000, 0x00000000e8640000, 0x00000000eaaa0000)
  eden space 110080K,   0% used [0x00000000e0000000, 0x00000000e0000000, 0x00000000e6b80000)
  from space 13696K,  97% used [0x00000000e6b80000, 0x00000000e78945a8, 0x00000000e78e0000)
  to   space 13696K,   0% used [0x00000000e78e0000, 0x00000000e78e0000, 0x00000000e8640000)
 tenured generation   total 274752K, used 272042K [0x00000000eaaa0000, 0x00000000fb6f0000, 0x0000000100000000)
   the space 274752K,  99% used [0x00000000eaaa0000, 0x00000000fb44a8a8, 0x00000000fb44aa00, 0x00000000fb6f0000)
 Metaspace       used 80296K, capacity 83922K, committed 84096K, reserved 1122304K
  class space    used 10522K, capacity 11540K, committed 11648K, reserved 1048576K
}

