# JRE version: OpenJDK Runtime Environment (8.0_322) (build 1.8.0_322-ga)
# Java VM: OpenJDK 64-Bit Server VM (25.322-bga mixed mode linux-amd64 compressed oops)
Heap:
 def new generation   total 4928K, used 4052K [0x00000000f8000000, 0x00000000f8550000, 0x00000000faaa0000)
  eden space 4416K,  80% used [0x00000000f8000000, 0x00000000f83753a0, 0x00000000f8450000)
  from space 512K,  99% used [0x00000000f8450000, 0x00000000f84cfff0, 0x00000000f84d0000)
  to   space 512K,   0% used [0x00000000f84d0000, 0x00000000f84d0000, 0x00000000f8550000)
 tenured generation   total 10944K, used 2283K [0x00000000faaa0000, 0x00000000fb550000, 0x0000000100000000)
   the space 10944K,  20% used [0x00000000faaa0000, 0x00000000facdad90, 0x00000000facdae00, 0x00000000fb550000)
 Metaspace       used 8948K, capacity 9074K, committed 9344K, reserved 1056768K
  class space    used 1011K, capacity 1085K, committed 1152K, reserved 1048576K
GC Heap History (4 events):
Event: 26.717 GC heap before
{Heap before GC invocations=0 (full 0):
 def new generation   total 4928K, used 4416K [0x00000000f8000000, 0x00000000f8550000, 0x00000000faaa0000)
  eden space 4416K, 100% used [0x00000000f8000000, 0x00000000f8450000, 0x00000000f8450000)
  from space 512K,   0% used [0x00000000f8450000, 0x00000000f8450000, 0x00000000f84d0000)
  to   space 512K,   0% used [0x00000000f84d0000, 0x00000000f84d0000, 0x00000000f8550000)
 tenured generation   total 10944K, used 0K [0x00000000faaa0000, 0x00000000fb550000, 0x0000000100000000)
   the space 10944K,   0% used [0x00000000faaa0000, 0x00000000faaa0000, 0x00000000faaa0200, 0x00000000fb550000)
 Metaspace       used 5654K, capacity 5744K, committed 5888K, reserved 1056768K
  class space    used 627K, capacity 656K, committed 768K, reserved 1048576K
Event: 26.735 GC heap after
Heap after GC invocations=1 (full 0):
 def new generation   total 4928K, used 511K [0x00000000f8000000, 0x00000000f8550000, 0x00000000faaa0000)
  eden space 4416K,   0% used [0x00000000f8000000, 0x00000000f8000000, 0x00000000f8450000)
  from space 512K,  99% used [0x00000000f84d0000, 0x00000000f854fff8, 0x00000000f8550000)
  to   space 512K,   0% used [0x00000000f8450000, 0x00000000f8450000, 0x00000000f84d0000)
 tenured generation   total 10944K, used 1093K [0x00000000faaa0000, 0x00000000fb550000, 0x0000000100000000)
   the space 10944K,   9% used [0x00000000faaa0000, 0x00000000fabb1560, 0x00000000fabb1600, 0x00000000fb550000)
 Metaspace       used 5654K, capacity 5744K, committed 5888K, reserved 1056768K
  class space    used 627K, capacity 656K, committed 768K, reserved 1048576K
}
Event: 38.687 GC heap before
{Heap before GC invocations=1 (full 0):
 def new generation   total 4928K, used 4927K [0x00000000f8000000, 0x00000000f8550000, 0x00000000faaa0000)
  eden space 4416K, 100% used [0x00000000f8000000, 0x00000000f8450000, 0x00000000f8450000)
  from space 512K,  99% used [0x00000000f84d0000, 0x00000000f854fff8, 0x00000000f8550000)
  to   space 512K,   0% used [0x00000000f8450000, 0x00000000f8450000, 0x00000000f84d0000)
 tenured generation   total 10944K, used 1093K [0x00000000faaa0000, 0x00000000fb550000, 0x0000000100000000)
   the space 10944K,   9% used [0x00000000faaa0000, 0x00000000fabb1560, 0x00000000fabb1600, 0x00000000fb550000)
 Metaspace       used 7273K, capacity 7344K, committed 7552K, reserved 1056768K
  class space    used 820K, capacity 848K, committed 896K, reserved 1048576K
Event: 38.811 GC heap after
Heap after GC invocations=2 (full 0):
 def new generation   total 4928K, used 511K [0x00000000f8000000, 0x00000000f8550000, 0x00000000faaa0000)
  eden space 4416K,   0% used [0x00000000f8000000, 0x00000000f8000000, 0x00000000f8450000)
  from space 512K,  99% used [0x00000000f8450000, 0x00000000f84cfff0, 0x00000000f84d0000)
  to   space 512K,   0% used [0x00000000f84d0000, 0x00000000f84d0000, 0x00000000f8550000)
 tenured generation   total 10944K, used 2283K [0x00000000faaa0000, 0x00000000fb550000, 0x0000000100000000)
   the space 10944K,  20% used [0x00000000faaa0000, 0x00000000facdad90, 0x00000000facdae00, 0x00000000fb550000)
 Metaspace       used 7273K, capacity 7344K, committed 7552K, reserved 1056768K
  class space    used 820K, capacity 848K, committed 896K, reserved 1048576K
}

