# JRE version: OpenJDK Runtime Environment (8.0_322) (build 1.8.0_322-ga)
# Java VM: OpenJDK 64-Bit Server VM (25.322-bga mixed mode linux-amd64 compressed oops)
Heap:
 def new generation   total 4928K, used 2244K [0x00000000f8000000, 0x00000000f8550000, 0x00000000faaa0000)
  eden space 4416K,  39% used [0x00000000f8000000, 0x00000000f81b1400, 0x00000000f8450000)
  from space 512K,  99% used [0x00000000f8450000, 0x00000000f84cfff8, 0x00000000f84d0000)
  to   space 512K,   0% used [0x00000000f84d0000, 0x00000000f84d0000, 0x00000000f8550000)
 tenured generation   total 10944K, used 2275K [0x00000000faaa0000, 0x00000000fb550000, 0x0000000100000000)
   the space 10944K,  20% used [0x00000000faaa0000, 0x00000000facd8cf0, 0x00000000facd8e00, 0x00000000fb550000)
 Metaspace       used 8127K, capacity 8274K, committed 8448K, reserved 1056768K
  class space    used 915K, capacity 961K, committed 1024K, reserved 1048576K
GC Heap History (4 events):
Event: 21.042 GC heap before
{Heap before GC invocations=0 (full 0):
 def new generation   total 4928K, used 4381K [0x00000000f8000000, 0x00000000f8550000, 0x00000000faaa0000)
  eden space 4416K,  99% used [0x00000000f8000000, 0x00000000f8447450, 0x00000000f8450000)
  from space 512K,   0% used [0x00000000f8450000, 0x00000000f8450000, 0x00000000f84d0000)
  to   space 512K,   0% used [0x00000000f84d0000, 0x00000000f84d0000, 0x00000000f8550000)
 tenured generation   total 10944K, used 0K [0x00000000faaa0000, 0x00000000fb550000, 0x0000000100000000)
   the space 10944K,   0% used [0x00000000faaa0000, 0x00000000faaa0000, 0x00000000faaa0200, 0x00000000fb550000)
 Metaspace       used 5611K, capacity 5680K, committed 5888K, reserved 1056768K
  class space    used 626K, capacity 656K, committed 768K, reserved 1048576K
Event: 21.165 GC heap after
Heap after GC invocations=1 (full 0):
 def new generation   total 4928K, used 511K [0x00000000f8000000, 0x00000000f8550000, 0x00000000faaa0000)
  eden space 4416K,   0% used [0x00000000f8000000, 0x00000000f8000000, 0x00000000f8450000)
  from space 512K,  99% used [0x00000000f84d0000, 0x00000000f854fff8, 0x00000000f8550000)
  to   space 512K,   0% used [0x00000000f8450000, 0x00000000f8450000, 0x00000000f84d0000)
 tenured generation   total 10944K, used 1123K [0x00000000faaa0000, 0x00000000fb550000, 0x0000000100000000)
   the space 10944K,  10% used [0x00000000faaa0000, 0x00000000fabb8dd8, 0x00000000fabb8e00, 0x00000000fb550000)
 Metaspace       used 5611K, capacity 5680K, committed 5888K, reserved 1056768K
  class space    used 626K, capacity 656K, committed 768K, reserved 1048576K
}
Event: 32.556 GC heap before
{Heap before GC invocations=1 (full 0):
 def new generation   total 4928K, used 4927K [0x00000000f8000000, 0x00000000f8550000, 0x00000000faaa0000)
  eden space 4416K, 100% used [0x00000000f8000000, 0x00000000f8450000, 0x00000000f8450000)
  from space 512K,  99% used [0x00000000f84d0000, 0x00000000f854fff8, 0x00000000f8550000)
  to   space 512K,   0% used [0x00000000f8450000, 0x00000000f8450000, 0x00000000f84d0000)
 tenured generation   total 10944K, used 1123K [0x00000000faaa0000, 0x00000000fb550000, 0x0000000100000000)
   the space 10944K,  10% used [0x00000000faaa0000, 0x00000000fabb8dd8, 0x00000000fabb8e00, 0x00000000fb550000)
 Metaspace       used 7235K, capacity 7344K, committed 7552K, reserved 1056768K
  class space    used 817K, capacity 848K, committed 896K, reserved 1048576K
Event: 32.683 GC heap after
Heap after GC invocations=2 (full 0):
 def new generation   total 4928K, used 511K [0x00000000f8000000, 0x00000000f8550000, 0x00000000faaa0000)
  eden space 4416K,   0% used [0x00000000f8000000, 0x00000000f8000000, 0x00000000f8450000)
  from space 512K,  99% used [0x00000000f8450000, 0x00000000f84cfff8, 0x00000000f84d0000)
  to   space 512K,   0% used [0x00000000f84d0000, 0x00000000f84d0000, 0x00000000f8550000)
 tenured generation   total 10944K, used 2275K [0x00000000faaa0000, 0x00000000fb550000, 0x0000000100000000)
   the space 10944K,  20% used [0x00000000faaa0000, 0x00000000facd8cf0, 0x00000000facd8e00, 0x00000000fb550000)
 Metaspace       used 7235K, capacity 7344K, committed 7552K, reserved 1056768K
  class space    used 817K, capacity 848K, committed 896K, reserved 1048576K
}

