# JRE version: OpenJDK Runtime Environment (8.0_322) (build 1.8.0_322-ga)
# Java VM: OpenJDK 64-Bit Server VM (25.322-bga mixed mode linux-amd64 compressed oops)
Heap:
 def new generation   total 4928K, used 1886K [0x00000000f8000000, 0x00000000f8550000, 0x00000000faaa0000)
  eden space 4416K,  31% used [0x00000000f8000000, 0x00000000f81579f8, 0x00000000f8450000)
  from space 512K, 100% used [0x00000000f8450000, 0x00000000f84d0000, 0x00000000f84d0000)
  to   space 512K,   0% used [0x00000000f84d0000, 0x00000000f84d0000, 0x00000000f8550000)
 tenured generation   total 10944K, used 4047K [0x00000000faaa0000, 0x00000000fb550000, 0x0000000100000000)
   the space 10944K,  36% used [0x00000000faaa0000, 0x00000000fae93f88, 0x00000000fae94000, 0x00000000fb550000)
 Metaspace       used 10519K, capacity 10758K, committed 10880K, reserved 1058816K
  class space    used 1263K, capacity 1349K, committed 1408K, reserved 1048576K
GC Heap History (8 events):
Event: 14.997 GC heap before
{Heap before GC invocations=0 (full 0):
 def new generation   total 4928K, used 4379K [0x00000000f8000000, 0x00000000f8550000, 0x00000000faaa0000)
  eden space 4416K,  99% used [0x00000000f8000000, 0x00000000f8446d20, 0x00000000f8450000)
  from space 512K,   0% used [0x00000000f8450000, 0x00000000f8450000, 0x00000000f84d0000)
  to   space 512K,   0% used [0x00000000f84d0000, 0x00000000f84d0000, 0x00000000f8550000)
 tenured generation   total 10944K, used 0K [0x00000000faaa0000, 0x00000000fb550000, 0x0000000100000000)
   the space 10944K,   0% used [0x00000000faaa0000, 0x00000000faaa0000, 0x00000000faaa0200, 0x00000000fb550000)
 Metaspace       used 5604K, capacity 5680K, committed 5888K, reserved 1056768K
  class space    used 626K, capacity 656K, committed 768K, reserved 1048576K
Event: 15.268 GC heap after
Heap after GC invocations=1 (full 0):
 def new generation   total 4928K, used 512K [0x00000000f8000000, 0x00000000f8550000, 0x00000000faaa0000)
  eden space 4416K,   0% used [0x00000000f8000000, 0x00000000f8000000, 0x00000000f8450000)
  from space 512K, 100% used [0x00000000f84d0000, 0x00000000f8550000, 0x00000000f8550000)
  to   space 512K,   0% used [0x00000000f8450000, 0x00000000f8450000, 0x00000000f84d0000)
 tenured generation   total 10944K, used 1123K [0x00000000faaa0000, 0x00000000fb550000, 0x0000000100000000)
   the space 10944K,  10% used [0x00000000faaa0000, 0x00000000fabb8d88, 0x00000000fabb8e00, 0x00000000fb550000)
 Metaspace       used 5604K, capacity 5680K, committed 5888K, reserved 1056768K
  class space    used 626K, capacity 656K, committed 768K, reserved 1048576K
}
Event: 26.138 GC heap before
{Heap before GC invocations=1 (full 0):
 def new generation   total 4928K, used 4928K [0x00000000f8000000, 0x00000000f8550000, 0x00000000faaa0000)
  eden space 4416K, 100% used [0x00000000f8000000, 0x00000000f8450000, 0x00000000f8450000)
  from space 512K, 100% used [0x00000000f84d0000, 0x00000000f8550000, 0x00000000f8550000)
  to   space 512K,   0% used [0x00000000f8450000, 0x00000000f8450000, 0x00000000f84d0000)
 tenured generation   total 10944K, used 1123K [0x00000000faaa0000, 0x00000000fb550000, 0x0000000100000000)
   the space 10944K,  10% used [0x00000000faaa0000, 0x00000000fabb8d88, 0x00000000fabb8e00, 0x00000000fb550000)
 Metaspace       used 7258K, capacity 7344K, committed 7552K, reserved 1056768K
  class space    used 817K, capacity 848K, committed 896K, reserved 1048576K
Event: 26.467 GC heap after
Heap after GC invocations=2 (full 0):
 def new generation   total 4928K, used 511K [0x00000000f8000000, 0x00000000f8550000, 0x00000000faaa0000)
  eden space 4416K,   0% used [0x00000000f8000000, 0x00000000f8000000, 0x00000000f8450000)
  from space 512K,  99% used [0x00000000f8450000, 0x00000000f84cfff8, 0x00000000f84d0000)
  to   space 512K,   0% used [0x00000000f84d0000, 0x00000000f84d0000, 0x00000000f8550000)
 tenured generation   total 10944K, used 2274K [0x00000000faaa0000, 0x00000000fb550000, 0x0000000100000000)
   the space 10944K,  20% used [0x00000000faaa0000, 0x00000000facd8a90, 0x00000000facd8c00, 0x00000000fb550000)
 Metaspace       used 7258K, capacity 7344K, committed 7552K, reserved 1056768K
  class space    used 817K, capacity 848K, committed 896K, reserved 1048576K
}
Event: 39.033 GC heap before
{Heap before GC invocations=2 (full 0):
 def new generation   total 4928K, used 4927K [0x00000000f8000000, 0x00000000f8550000, 0x00000000faaa0000)
  eden space 4416K, 100% used [0x00000000f8000000, 0x00000000f8450000, 0x00000000f8450000)
  from space 512K,  99% used [0x00000000f8450000, 0x00000000f84cfff8, 0x00000000f84d0000)
  to   space 512K,   0% used [0x00000000f84d0000, 0x00000000f84d0000, 0x00000000f8550000)
 tenured generation   total 10944K, used 2274K [0x00000000faaa0000, 0x00000000fb550000, 0x0000000100000000)
   the space 10944K,  20% used [0x00000000faaa0000, 0x00000000facd8a90, 0x00000000facd8c00, 0x00000000fb550000)
 Metaspace       used 9293K, capacity 9462K, committed 9600K, reserved 1058816K
  class space    used 1064K, capacity 1151K, committed 1152K, reserved 1048576K
Event: 39.080 GC heap after
Heap after GC invocations=3 (full 0):
 def new generation   total 4928K, used 511K [0x00000000f8000000, 0x00000000f8550000, 0x00000000faaa0000)
  eden space 4416K,   0% used [0x00000000f8000000, 0x00000000f8000000, 0x00000000f8450000)
  from space 512K,  99% used [0x00000000f84d0000, 0x00000000f854fff8, 0x00000000f8550000)
  to   space 512K,   0% used [0x00000000f8450000, 0x00000000f8450000, 0x00000000f84d0000)
 tenured generation   total 10944K, used 2870K [0x00000000faaa0000, 0x00000000fb550000, 0x0000000100000000)
   the space 10944K,  26% used [0x00000000faaa0000, 0x00000000fad6d908, 0x00000000fad6da00, 0x00000000fb550000)
 Metaspace       used 9293K, capacity 9462K, committed 9600K, reserved 1058816K
  class space    used 1064K, capacity 1151K, committed 1152K, reserved 1048576K
}
Event: 43.471 GC heap before
{Heap before GC invocations=3 (full 0):
 def new generation   total 4928K, used 4927K [0x00000000f8000000, 0x00000000f8550000, 0x00000000faaa0000)
  eden space 4416K, 100% used [0x00000000f8000000, 0x00000000f8450000, 0x00000000f8450000)
  from space 512K,  99% used [0x00000000f84d0000, 0x00000000f854fff8, 0x00000000f8550000)
  to   space 512K,   0% used [0x00000000f8450000, 0x00000000f8450000, 0x00000000f84d0000)
 tenured generation   total 10944K, used 2870K [0x00000000faaa0000, 0x00000000fb550000, 0x0000000100000000)
   the space 10944K,  26% used [0x00000000faaa0000, 0x00000000fad6d908, 0x00000000fad6da00, 0x00000000fb550000)
 Metaspace       used 10242K, capacity 10438K, committed 10624K, reserved 1058816K
  class space    used 1222K, capacity 1285K, committed 1408K, reserved 1048576K
Event: 43.620 GC heap after
Heap after GC invocations=4 (full 0):
 def new generation   total 4928K, used 512K [0x00000000f8000000, 0x00000000f8550000, 0x00000000faaa0000)
  eden space 4416K,   0% used [0x00000000f8000000, 0x00000000f8000000, 0x00000000f8450000)
  from space 512K, 100% used [0x00000000f8450000, 0x00000000f84d0000, 0x00000000f84d0000)
  to   space 512K,   0% used [0x00000000f84d0000, 0x00000000f84d0000, 0x00000000f8550000)
 tenured generation   total 10944K, used 4047K [0x00000000faaa0000, 0x00000000fb550000, 0x0000000100000000)
   the space 10944K,  36% used [0x00000000faaa0000, 0x00000000fae93f88, 0x00000000fae94000, 0x00000000fb550000)
 Metaspace       used 10242K, capacity 10438K, committed 10624K, reserved 1058816K
  class space    used 1222K, capacity 1285K, committed 1408K, reserved 1048576K
}

