# JRE version: OpenJDK Runtime Environment (8.0_322) (build 1.8.0_322-ga)
# Java VM: OpenJDK 64-Bit Server VM (25.322-bga mixed mode linux-amd64 compressed oops)
Heap:
 def new generation   total 4928K, used 1456K [0x00000000f8000000, 0x00000000f8550000, 0x00000000faaa0000)
  eden space 4416K,  21% used [0x00000000f8000000, 0x00000000f80ec3e0, 0x00000000f8450000)
  from space 512K,  99% used [0x00000000f84d0000, 0x00000000f854fff0, 0x00000000f8550000)
  to   space 512K,   0% used [0x00000000f8450000, 0x00000000f8450000, 0x00000000f84d0000)
 tenured generation   total 10944K, used 2869K [0x00000000faaa0000, 0x00000000fb550000, 0x0000000100000000)
   the space 10944K,  26% used [0x00000000faaa0000, 0x00000000fad6d750, 0x00000000fad6d800, 0x00000000fb550000)
 Metaspace       used 9536K, capacity 9696K, committed 9984K, reserved 1058816K
  class space    used 1114K, capacity 1186K, committed 1280K, reserved 1048576K
GC Heap History (6 events):
Event: 20.305 GC heap before
{Heap before GC invocations=0 (full 0):
 def new generation   total 4928K, used 4379K [0x00000000f8000000, 0x00000000f8550000, 0x00000000faaa0000)
  eden space 4416K,  99% used [0x00000000f8000000, 0x00000000f8446f88, 0x00000000f8450000)
  from space 512K,   0% used [0x00000000f8450000, 0x00000000f8450000, 0x00000000f84d0000)
  to   space 512K,   0% used [0x00000000f84d0000, 0x00000000f84d0000, 0x00000000f8550000)
 tenured generation   total 10944K, used 0K [0x00000000faaa0000, 0x00000000fb550000, 0x0000000100000000)
   the space 10944K,   0% used [0x00000000faaa0000, 0x00000000faaa0000, 0x00000000faaa0200, 0x00000000fb550000)
 Metaspace       used 5622K, capacity 5680K, committed 5888K, reserved 1056768K
  class space    used 626K, capacity 656K, committed 768K, reserved 1048576K
Event: 20.461 GC heap after
Heap after GC invocations=1 (full 0):
 def new generation   total 4928K, used 512K [0x00000000f8000000, 0x00000000f8550000, 0x00000000faaa0000)
  eden space 4416K,   0% used [0x00000000f8000000, 0x00000000f8000000, 0x00000000f8450000)
  from space 512K, 100% used [0x00000000f84d0000, 0x00000000f8550000, 0x00000000f8550000)
  to   space 512K,   0% used [0x00000000f8450000, 0x00000000f8450000, 0x00000000f84d0000)
 tenured generation   total 10944K, used 1123K [0x00000000faaa0000, 0x00000000fb550000, 0x0000000100000000)
   the space 10944K,  10% used [0x00000000faaa0000, 0x00000000fabb8e38, 0x00000000fabb9000, 0x00000000fb550000)
 Metaspace       used 5622K, capacity 5680K, committed 5888K, reserved 1056768K
  class space    used 626K, capacity 656K, committed 768K, reserved 1048576K
}
Event: 28.833 GC heap before
{Heap before GC invocations=1 (full 0):
 def new generation   total 4928K, used 4928K [0x00000000f8000000, 0x00000000f8550000, 0x00000000faaa0000)
  eden space 4416K, 100% used [0x00000000f8000000, 0x00000000f8450000, 0x00000000f8450000)
  from space 512K, 100% used [0x00000000f84d0000, 0x00000000f8550000, 0x00000000f8550000)
  to   space 512K,   0% used [0x00000000f8450000, 0x00000000f8450000, 0x00000000f84d0000)
 tenured generation   total 10944K, used 1123K [0x00000000faaa0000, 0x00000000fb550000, 0x0000000100000000)
   the space 10944K,  10% used [0x00000000faaa0000, 0x00000000fabb8e38, 0x00000000fabb9000, 0x00000000fb550000)
 Metaspace       used 7265K, capacity 7408K, committed 7552K, reserved 1056768K
  class space    used 817K, capacity 848K, committed 896K, reserved 1048576K
Event: 28.961 GC heap after
Heap after GC invocations=2 (full 0):
 def new generation   total 4928K, used 512K [0x00000000f8000000, 0x00000000f8550000, 0x00000000faaa0000)
  eden space 4416K,   0% used [0x00000000f8000000, 0x00000000f8000000, 0x00000000f8450000)
  from space 512K, 100% used [0x00000000f8450000, 0x00000000f84d0000, 0x00000000f84d0000)
  to   space 512K,   0% used [0x00000000f84d0000, 0x00000000f84d0000, 0x00000000f8550000)
 tenured generation   total 10944K, used 2275K [0x00000000faaa0000, 0x00000000fb550000, 0x0000000100000000)
   the space 10944K,  20% used [0x00000000faaa0000, 0x00000000facd8c00, 0x00000000facd8c00, 0x00000000fb550000)
 Metaspace       used 7265K, capacity 7408K, committed 7552K, reserved 1056768K
  class space    used 817K, capacity 848K, committed 896K, reserved 1048576K
}
Event: 43.784 GC heap before
{Heap before GC invocations=2 (full 0):
 def new generation   total 4928K, used 4928K [0x00000000f8000000, 0x00000000f8550000, 0x00000000faaa0000)
  eden space 4416K, 100% used [0x00000000f8000000, 0x00000000f8450000, 0x00000000f8450000)
  from space 512K, 100% used [0x00000000f8450000, 0x00000000f84d0000, 0x00000000f84d0000)
  to   space 512K,   0% used [0x00000000f84d0000, 0x00000000f84d0000, 0x00000000f8550000)
 tenured generation   total 10944K, used 2275K [0x00000000faaa0000, 0x00000000fb550000, 0x0000000100000000)
   the space 10944K,  20% used [0x00000000faaa0000, 0x00000000facd8c00, 0x00000000facd8c00, 0x00000000fb550000)
 Metaspace       used 9277K, capacity 9462K, committed 9600K, reserved 1058816K
  class space    used 1064K, capacity 1151K, committed 1152K, reserved 1048576K
Event: 43.838 GC heap after
Heap after GC invocations=3 (full 0):
 def new generation   total 4928K, used 511K [0x00000000f8000000, 0x00000000f8550000, 0x00000000faaa0000)
  eden space 4416K,   0% used [0x00000000f8000000, 0x00000000f8000000, 0x00000000f8450000)
  from space 512K,  99% used [0x00000000f84d0000, 0x00000000f854fff0, 0x00000000f8550000)
  to   space 512K,   0% used [0x00000000f8450000, 0x00000000f8450000, 0x00000000f84d0000)
 tenured generation   total 10944K, used 2869K [0x00000000faaa0000, 0x00000000fb550000, 0x0000000100000000)
   the space 10944K,  26% used [0x00000000faaa0000, 0x00000000fad6d750, 0x00000000fad6d800, 0x00000000fb550000)
 Metaspace       used 9277K, capacity 9462K, committed 9600K, reserved 1058816K
  class space    used 1064K, capacity 1151K, committed 1152K, reserved 1048576K
}

